<?xml version="1.0" encoding="UTF-8"?>
<!-- Generated by org.testng.reporters.JUnitReportReporter -->
<testsuite hostname="PC-20171202GOGR" name="com.epicc.notcar.impl.EAU_DY_ServiceImpl" tests="1" failures="0" timestamp="14 Mar 2018 05:55:46 GMT" time="0.719" errors="0">
  <testcase name="price" time="0.719" classname="com.epicc.notcar.impl.EAU_DY_ServiceImpl"/>
</testsuite> <!-- com.epicc.notcar.impl.EAU_DY_ServiceImpl -->
