<?xml version="1.0" encoding="UTF-8"?>
<!-- Generated by org.testng.reporters.JUnitReportReporter -->
<testsuite hostname="PC-20171202GOGR" name="com.epicc.notcar.PriceTest" tests="1" failures="0" timestamp="13 Mar 2018 10:43:15 GMT" time="2.938" errors="0">
  <testcase name="price" time="2.938" classname="com.epicc.notcar.PriceTest"/>
</testsuite> <!-- com.epicc.notcar.PriceTest -->
