<?xml version="1.0" encoding="UTF-8"?>
<!-- Generated by org.testng.reporters.JUnitReportReporter -->
<testsuite hostname="PC-20171202GOGR" name="com.epicc.notcar.PriceTest" tests="1" failures="0" timestamp="14 Mar 2018 03:15:31 GMT" time="7.776" errors="0">
  <testcase name="price" time="7.776" classname="com.epicc.notcar.PriceTest"/>
</testsuite> <!-- com.epicc.notcar.PriceTest -->
