<?xml version="1.0" encoding="UTF-8"?>
<!-- Generated by org.testng.reporters.JUnitReportReporter -->
<testsuite hostname="PC-20171202GOGR" name="com.epicc.notcar.TravelInsuranceTest" tests="1" failures="0" timestamp="14 Mar 2018 09:30:24 GMT" time="8.602" errors="0">
  <testcase name="price" time="8.602" classname="com.epicc.notcar.TravelInsuranceTest"/>
</testsuite> <!-- com.epicc.notcar.TravelInsuranceTest -->
