<?xml version="1.0" encoding="UTF-8"?>
<!-- Generated by org.testng.reporters.JUnitReportReporter -->
<testsuite hostname="PC-20171202GOGR" name="com.sinosoft.test.LogTest" tests="1" failures="0" timestamp="8 Mar 2018 09:25:24 GMT" time="0.078" errors="0">
  <testcase name="tsss" time="0.078" classname="com.sinosoft.test.LogTest"/>
</testsuite> <!-- com.sinosoft.test.LogTest -->
