<?xml version="1.0" encoding="UTF-8"?>
<!-- Generated by org.testng.reporters.JUnitReportReporter -->
<testsuite hostname="PC-20171202GOGR" name="com.epicc.notcar.PriceTest" tests="1" failures="0" timestamp="12 Mar 2018 10:03:50 GMT" time="0.795" errors="0">
  <testcase name="price" time="0.795" classname="com.epicc.notcar.PriceTest"/>
</testsuite> <!-- com.epicc.notcar.PriceTest -->
