<?xml version="1.0" encoding="UTF-8"?>
<!-- Generated by org.testng.reporters.JUnitReportReporter -->
<testsuite hostname="PC-20171202GOGR" name="com.sinosoft.test.PriceTest" tests="1" failures="0" timestamp="8 Mar 2018 08:42:13 GMT" time="5.148" errors="0">
  <testcase name="price" time="5.148" classname="com.sinosoft.test.PriceTest"/>
</testsuite> <!-- com.sinosoft.test.PriceTest -->
