<?xml version="1.0" encoding="UTF-8"?>
<!-- Generated by org.testng.reporters.JUnitReportReporter -->
<testsuite hostname="PC-20171202GOGR" name="com.epicc.notcar.EAU_DY_Test" tests="1" failures="0" timestamp="14 Mar 2018 10:20:39 GMT" time="5.653" errors="0">
  <testcase name="price" time="5.653" classname="com.epicc.notcar.EAU_DY_Test"/>
</testsuite> <!-- com.epicc.notcar.EAU_DY_Test -->
